ERROR:root:[Err] 2
ERROR:root:[Err] unpack requires a buffer of 20 bytes
ERROR:root:[Err] unpack requires a buffer of 20 bytes
ERROR:root:[Err] unpack requires a buffer of 20 bytes
ERROR:root:[Err] unpack requires a buffer of 20 bytes
ERROR:root:[Err] unpack requires a buffer of 20 bytes
ERROR:root:[Err] a bytes-like object is required, not 'list'
ERROR:root:[Err] a bytes-like object is required, not 'list'
ERROR:root:[Err] a bytes-like object is required, not 'list'
ERROR:root:[Err] a bytes-like object is required, not 'list'
ERROR:root:[Err] a bytes-like object is required, not 'list'
ERROR:root:[Err] a bytes-like object is required, not 'list'
ERROR:root:[Err] a bytes-like object is required, not 'list'
ERROR:root:[Err] a bytes-like object is required, not 'list'
ERROR:root:[Err] a bytes-like object is required, not 'list'
ERROR:root:[Err] a bytes-like object is required, not 'list'
ERROR:root:[Err] a bytes-like object is required, not 'list'
ERROR:root:[Err] a bytes-like object is required, not 'list'
ERROR:root:[Err] a bytes-like object is required, not 'list'
ERROR:root:[Err] a bytes-like object is required, not 'list'
ERROR:root:[Err] a bytes-like object is required, not 'list'
ERROR:root:[Err] a bytes-like object is required, not 'list'
ERROR:root:[Err] a bytes-like object is required, not 'list'
ERROR:root:[Err] a bytes-like object is required, not 'list'
ERROR:root:[Err] a bytes-like object is required, not 'list'
ERROR:root:[Err] a bytes-like object is required, not 'list'
ERROR:root:[Err] a bytes-like object is required, not 'list'
ERROR:root:[Err] a bytes-like object is required, not 'list'
ERROR:root:[Err] a bytes-like object is required, not 'list'
ERROR:root:[Err] a bytes-like object is required, not 'list'
ERROR:root:[Err] a bytes-like object is required, not 'list'
ERROR:root:[Err] a bytes-like object is required, not 'list'
ERROR:root:[Err] a bytes-like object is required, not 'list'
ERROR:root:[Err] a bytes-like object is required, not 'list'
ERROR:root:[Err] a bytes-like object is required, not 'list'
ERROR:root:[Err] a bytes-like object is required, not 'list'
ERROR:root:[Err] a bytes-like object is required, not 'list'
ERROR:root:[Err] a bytes-like object is required, not 'list'
ERROR:root:[Err] a bytes-like object is required, not 'list'
ERROR:root:[Err] a bytes-like object is required, not 'list'
ERROR:root:[Err] a bytes-like object is required, not 'list'
ERROR:root:[Err] a bytes-like object is required, not 'list'
ERROR:root:[Err] a bytes-like object is required, not 'list'
ERROR:root:[Err] a bytes-like object is required, not 'list'
ERROR:root:[Err] a bytes-like object is required, not 'list'
ERROR:root:[Err] a bytes-like object is required, not 'list'
ERROR:root:[Err] a bytes-like object is required, not 'list'
ERROR:root:[Err] a bytes-like object is required, not 'list'
ERROR:root:[Err] a bytes-like object is required, not 'list'
ERROR:root:[Err] a bytes-like object is required, not 'list'
ERROR:root:[Err] a bytes-like object is required, not 'list'
ERROR:root:[Err] a bytes-like object is required, not 'list'
ERROR:root:[Err] a bytes-like object is required, not 'list'
ERROR:root:[Err] a bytes-like object is required, not 'list'
ERROR:root:[Err] a bytes-like object is required, not 'list'
ERROR:root:[Err] a bytes-like object is required, not 'list'
ERROR:root:[Err] a bytes-like object is required, not 'list'
ERROR:root:[Err] a bytes-like object is required, not 'list'
ERROR:root:[Err] a bytes-like object is required, not 'list'
ERROR:root:[Err] a bytes-like object is required, not 'list'
ERROR:root:[Err] a bytes-like object is required, not 'list'
ERROR:root:[Err] a bytes-like object is required, not 'list'
ERROR:root:[Err] a bytes-like object is required, not 'list'
ERROR:root:[Err] a bytes-like object is required, not 'list'
ERROR:root:[Err] a bytes-like object is required, not 'list'
ERROR:root:[Err] a bytes-like object is required, not 'list'
ERROR:root:[Err] a bytes-like object is required, not 'list'
ERROR:root:[Err] a bytes-like object is required, not 'list'
ERROR:root:[Err] a bytes-like object is required, not 'list'
ERROR:root:[Err] a bytes-like object is required, not 'list'
ERROR:root:[Err] a bytes-like object is required, not 'list'
ERROR:root:[Err] a bytes-like object is required, not 'list'
ERROR:root:[Err] a bytes-like object is required, not 'list'
ERROR:root:[Err] a bytes-like object is required, not 'list'
ERROR:root:[Err] a bytes-like object is required, not 'list'
ERROR:root:[Err] a bytes-like object is required, not 'list'
ERROR:root:[Err] a bytes-like object is required, not 'list'
ERROR:root:[Err] a bytes-like object is required, not 'list'
ERROR:root:[Err] a bytes-like object is required, not 'list'
ERROR:root:[Err] a bytes-like object is required, not 'list'
ERROR:root:[Err] a bytes-like object is required, not 'list'
ERROR:root:[Err] a bytes-like object is required, not 'list'
ERROR:root:[Err] a bytes-like object is required, not 'list'
ERROR:root:[Err] a bytes-like object is required, not 'list'
ERROR:root:[Err] a bytes-like object is required, not 'list'
ERROR:root:[Err] a bytes-like object is required, not 'list'
ERROR:root:[Err] a bytes-like object is required, not 'list'
ERROR:root:[Err] a bytes-like object is required, not 'list'
ERROR:root:[Err] a bytes-like object is required, not 'list'
ERROR:root:[Err] a bytes-like object is required, not 'list'
ERROR:root:[Err] a bytes-like object is required, not 'list'
ERROR:root:[Err] a bytes-like object is required, not 'list'
ERROR:root:[Err] a bytes-like object is required, not 'list'
ERROR:root:[Err] a bytes-like object is required, not 'list'
ERROR:root:[Err] a bytes-like object is required, not 'list'
ERROR:root:[Err] a bytes-like object is required, not 'list'
ERROR:root:[Err] a bytes-like object is required, not 'list'
ERROR:root:[Err] a bytes-like object is required, not 'list'
ERROR:root:[Err] a bytes-like object is required, not 'list'
ERROR:root:[Err] a bytes-like object is required, not 'list'
ERROR:root:[Err] a bytes-like object is required, not 'list'
ERROR:root:[Err] a bytes-like object is required, not 'list'
ERROR:root:[Err] a bytes-like object is required, not 'list'
ERROR:root:[Err] a bytes-like object is required, not 'list'
ERROR:root:[Err] a bytes-like object is required, not 'list'
ERROR:root:[Err] a bytes-like object is required, not 'list'
ERROR:root:[Err] a bytes-like object is required, not 'list'
ERROR:root:[Err] a bytes-like object is required, not 'list'
ERROR:root:[Err] a bytes-like object is required, not 'list'
ERROR:root:[Err] a bytes-like object is required, not 'list'
ERROR:root:[Err] a bytes-like object is required, not 'list'
ERROR:root:[Err] a bytes-like object is required, not 'list'
ERROR:root:[Err] a bytes-like object is required, not 'list'
ERROR:root:[Err] a bytes-like object is required, not 'list'
ERROR:root:[Err] a bytes-like object is required, not 'list'
ERROR:root:[Err] a bytes-like object is required, not 'list'
ERROR:root:[Err] a bytes-like object is required, not 'list'
ERROR:root:[Err] a bytes-like object is required, not 'list'
ERROR:root:[Err] a bytes-like object is required, not 'list'
ERROR:root:[Err] a bytes-like object is required, not 'list'
ERROR:root:[Err] a bytes-like object is required, not 'list'
ERROR:root:[Err] a bytes-like object is required, not 'list'
ERROR:root:[Err] a bytes-like object is required, not 'list'
ERROR:root:[Err] a bytes-like object is required, not 'list'
ERROR:root:[Err] a bytes-like object is required, not 'list'
ERROR:root:[Err] a bytes-like object is required, not 'list'
ERROR:root:[Err] a bytes-like object is required, not 'list'
ERROR:root:[Err] a bytes-like object is required, not 'list'
ERROR:root:[Err] 0
ERROR:root:[Err] 0
ERROR:root:[Err] 0
ERROR:root:[Err] 0
ERROR:root:[Err] 0
ERROR:root:[Err] 0
ERROR:root:[Err] 0
ERROR:root:[Err] 0
ERROR:root:[Err] 0
ERROR:root:[Err] 0
ERROR:root:[Err] 0
ERROR:root:[Err] 0
ERROR:root:[Err] 0
ERROR:root:[Err] 0
ERROR:root:[Err] 0
ERROR:root:[Err] 0
ERROR:root:[Err] 0
ERROR:root:[Err] 0
ERROR:root:[Err] 0
ERROR:root:[Err] 0
ERROR:root:[Err] 0
ERROR:root:[Err] 0
ERROR:root:[Err] 0
ERROR:root:[Err] 0
ERROR:root:[Err] 0
ERROR:root:[Err] 0
ERROR:root:[Err] 0
ERROR:root:[Err] 0
ERROR:root:[Err] 0
ERROR:root:[Err] 0
ERROR:root:[Err] 0
ERROR:root:[Err] 0
ERROR:root:[Err] 0
ERROR:root:[Err] 0
ERROR:root:[Err] 0
ERROR:root:[Err] 0
ERROR:root:[Err] 0
ERROR:root:[Err] 0
ERROR:root:[Err] 0
ERROR:root:[Err] 0
ERROR:root:[Err] 0
ERROR:root:[Err] 0
ERROR:root:[Err] 0
ERROR:root:[Err] 0
ERROR:root:[Err] 0
ERROR:root:[Err] 0
ERROR:root:[Err] 0
ERROR:root:[Err] 0
ERROR:root:[Err] 0
ERROR:root:[Err] 0
ERROR:root:[Err] 0
ERROR:root:[Err] 0
ERROR:root:[Err] 0
ERROR:root:[Err] 0
ERROR:root:[Err] 0
ERROR:root:[Err] 0
ERROR:root:[Err] 0
ERROR:root:[Err] 0
ERROR:root:[Err] 0
ERROR:root:[Err] 0
ERROR:root:[Err] 0
ERROR:root:[Err] 0
ERROR:root:[Err] 0
ERROR:root:[Err] 0
ERROR:root:[Err] 0
ERROR:root:[Err] 0
ERROR:root:[Err] 0
ERROR:root:[Err] 0
ERROR:root:[Err] 0
ERROR:root:[Err] 0
ERROR:root:[Err] cannot access local variable 'packet_count' where it is not associated with a value
ERROR:root:[Err] None does not appear to be an IPv4 or IPv6 address
ERROR:root:[Err] None does not appear to be an IPv4 or IPv6 address
ERROR:root:[Err] None does not appear to be an IPv4 or IPv6 address
ERROR:root:[Err] None does not appear to be an IPv4 or IPv6 address
ERROR:root:[Err] 0
ERROR:root:[Err] 0
ERROR:root:[Err] 0
ERROR:root:[Err] '>=' not supported between instances of 'int' and 'str'
